<?xml version="1.0" encoding="UTF-8"?>
<testsuite xmlns:xsi="http://www.w3.org/2001/XMLSchema-instance" xsi:noNamespaceSchemaLocation="https://maven.apache.org/surefire/maven-surefire-plugin/xsd/surefire-test-report.xsd" name="es.um.asio.service.test.repository.UserRepositoryTest" time="6.064" tests="2" errors="0" skipped="0" failures="0">
  <properties>
[...]
</properties>
  <testcase name="whenSetAccountNonLocked_thenUserMustBeLocked" classname="es.um.asio.service.test.repository.UserRepositoryTest" time="0.939"/>
  <testcase name="whenFindByUsername_thenReturnUser" classname="es.um.asio.service.test.repository.UserRepositoryTest" time="0.699"/>
</testsuite>