GROUP,PACKAGE,CLASS,INSTRUCTION_MISSED,INSTRUCTION_COVERED,BRANCH_MISSED,BRANCH_COVERED,LINE_MISSED,LINE_COVERED,COMPLEXITY_MISSED,COMPLEXITY_COVERED,METHOD_MISSED,METHOD_COVERED
Archetype - Java JPA Rest API - Back,es.um.asio.back.config.properties,CorsProperties,60,0,0,0,10,0,12,0,12,0
Archetype - Java JPA Rest API - Back,es.um.asio.back.solr,SolrBackConfig,3,0,0,0,1,0,1,0,1,0
Archetype - Java JPA Rest API - Back,es.um.asio.back.config,WebMvcConfig,29,0,0,0,8,0,2,0,2,0
Archetype - Java JPA Rest API - Back,es.um.asio.back,Application,8,0,0,0,3,0,2,0,2,0
Archetype - Java JPA Rest API - Back,es.um.asio.back.controller.security,UserController,14,54,2,0,3,12,2,9,1,9
Archetype - Java JPA Rest API - Back,es.um.asio.back.filter,SimpleCORSFilter,96,0,14,0,22,0,9,0,2,0
Archetype - Java JPA Rest API - Back,es.um.asio.back.solr.controller,IndexController,12,0,0,0,5,0,3,0,3,0
