<?xml version="1.0" encoding="UTF-8"?>
<testsuite xmlns:xsi="http://www.w3.org/2001/XMLSchema-instance" xsi:noNamespaceSchemaLocation="https://maven.apache.org/surefire/maven-surefire-plugin/xsd/surefire-test-report.xsd" name="es.um.asio.back.test.proxy.UserProxyTest" time="2.091" tests="6" errors="0" skipped="0" failures="0">
  <properties>
[...]
</properties>
  <testcase name="whenFindPaginated_thenReturnPage" classname="es.um.asio.back.test.proxy.UserProxyTest" time="0.061"/>
  <testcase name="whenFindById_thenReturnUser" classname="es.um.asio.back.test.proxy.UserProxyTest" time="0.008"/>
  <testcase name="whenUpdateuser_thenUserHasId" classname="es.um.asio.back.test.proxy.UserProxyTest" time="0.004"/>
  <testcase name="whenSaveNewUser_thenUserHasId" classname="es.um.asio.back.test.proxy.UserProxyTest" time="0.004"/>
  <testcase name="whenFindAll_thenReturnList" classname="es.um.asio.back.test.proxy.UserProxyTest" time="0.011"/>
  <testcase name="whenSaveListOfUsers_thenReturnList" classname="es.um.asio.back.test.proxy.UserProxyTest" time="0.003"/>
</testsuite>